[2024-10-15 16:57:11] [info]: Opening page for supplier: ug, URL: https://ugautopart.ru/
[2024-10-15 16:57:17] [info]: [36m[3mServer is running. Use port: 3000[23m[39m
[2024-10-15 16:57:30] [info]: Reusing existing page for supplier: ug
[2024-10-15 16:57:42] [info]: Reusing existing page for supplier: ug
[2024-10-15 16:57:45] [info]: Opening page for supplier: turboCars, URL: https://turbo-cars.net/office/
[2024-10-15 16:57:46] [error]: GetGeoComment is not defined
[2024-10-15 16:57:52] [info]: Opening page for supplier: patriot, URL: https://optautotorg.com/
[2024-10-15 16:57:54] [error]: Invalid regular expression: missing /
[2024-10-15 16:57:54] [error]: Invalid regular expression: missing /
[2024-10-15 16:57:56] [error]: Invalid regular expression: missing /
[2024-10-15 16:57:56] [error]: Invalid regular expression: missing /
[2024-10-15 17:02:29] [info]: Opening page for supplier: ug, URL: https://ugautopart.ru/
[2024-10-15 17:02:43] [info]: Opening page for supplier: ug, URL: https://ugautopart.ru/
[2024-10-15 17:02:52] [info]: Server is running. Use port: 3000
[2024-10-15 17:03:12] [info]: Reusing existing page for supplier: ug
[2024-10-15 17:03:16] [info]: Opening page for supplier: turboCars, URL: https://turbo-cars.net/office/
[2024-10-15 17:03:24] [info]: Opening page for supplier: patriot, URL: https://optautotorg.com/
[2024-10-15 17:03:34] [info]: Reusing existing page for supplier: ug
[2024-10-15 17:03:35] [info]: Reusing existing page for supplier: ug
[2024-10-15 17:03:38] [info]: Reusing existing page for supplier: ug
[2024-10-15 17:03:38] [info]: Reusing existing page for supplier: turboCars
[2024-10-15 17:03:38] [info]: Reusing existing page for supplier: patriot
[2024-10-15 17:03:39] [info]: Reusing existing page for supplier: ug
[2024-10-15 17:08:48] [info]: Opening page for supplier: ug, URL: https://ugautopart.ru/
[2024-10-15 17:08:54] [info]: Server is running. Use port: 3000
[2024-10-15 17:09:59] [info]: Opening page for supplier: ug, URL: https://ugautopart.ru/
[2024-10-15 17:10:04] [info]: Server is running. Use port: 3000
[2024-10-15 17:11:21] [info]: Opening page for supplier: ug, URL: https://ugautopart.ru/
[2024-10-15 17:11:27] [info]: Server is running. Use port: 3000
[2024-10-15 17:13:26] [info]: Opening page for supplier: ug, URL: https://ugautopart.ru/
[2024-10-15 17:13:32] [info]: Server is running. Use port: 3000
[2024-10-15 17:19:55] [info]: Opening page for supplier: ug, URL: https://ugautopart.ru/
[2024-10-15 17:20:01] [info]: Opening page for supplier: ug, URL: https://ugautopart.ru/
[2024-10-15 17:20:06] [info]: Server is running. Use port: 3000
[2024-10-15 17:21:23] [info]: Opening page for supplier: ug, URL: https://ugautopart.ru/
[2024-10-15 17:21:28] [info]: Server is running. Use port: 3000
[2024-10-15 17:21:33] [info]: Opening page for supplier: ug, URL: https://ugautopart.ru/
[2024-10-15 17:21:37] [info]: Opening page for supplier: ug, URL: https://ugautopart.ru/
[2024-10-15 17:21:43] [info]: Server is running. Use port: 3000
[2024-10-15 17:21:57] [info]: Opening page for supplier: ug, URL: https://ugautopart.ru/
[2024-10-15 17:23:00] [info]: Opening page for supplier: ug, URL: https://ugautopart.ru/
[2024-10-15 17:24:13] [info]: Opening page for supplier: ug, URL: https://ugautopart.ru/
[2024-10-15 17:24:13] [info]: Opening page for supplier: ug, URL: https://ugautopart.ru/
[2024-10-15 17:24:41] [info]: Server is running. Use port: 3000
[2024-10-15 17:40:12] [info]: Opening page for supplier: ug, URL: https://ugautopart.ru/
[2024-10-15 17:40:18] [info]: Server is running. Use port: 3000
[2024-10-15 17:40:48] [info]: Opening page for supplier: ug, URL: https://ugautopart.ru/
[2024-10-15 17:40:53] [info]: Server is running. Use port: 3000
[2024-10-15 17:40:55] [info]: Opening page for supplier: ug, URL: https://ugautopart.ru/
[2024-10-15 17:41:10] [info]: Opening page for supplier: ug, URL: https://ugautopart.ru/
[2024-10-15 17:45:47] [info]: Opening page for supplier: ug, URL: https://ugautopart.ru/
[2024-10-15 17:45:47] [info]: Opening page for supplier: ug, URL: https://ugautopart.ru/
[2024-10-15 17:45:53] [info]: Server is running. Use port: 3000
[2024-10-15 17:46:10] [info]: Opening page for supplier: ug, URL: https://ugautopart.ru/
[2024-10-15 17:46:42] [info]: Opening page for supplier: ug, URL: https://ugautopart.ru/
[2024-10-15 17:46:47] [info]: Server is running. Use port: 3000
[2024-10-15 17:46:52] [info]: Reusing existing page for supplier: ug
[2024-10-15 17:46:58] [info]: Opening page for supplier: turboCars, URL: https://turbo-cars.net/office/
[2024-10-15 17:47:06] [info]: Opening page for supplier: patriot, URL: https://optautotorg.com/
[2024-10-15 17:47:21] [info]: Reusing existing page for supplier: ug
[2024-10-15 17:47:22] [info]: Reusing existing page for supplier: ug
[2024-10-15 17:47:24] [info]: Reusing existing page for supplier: ug
[2024-10-15 17:47:24] [info]: Reusing existing page for supplier: turboCars
[2024-10-15 17:47:24] [info]: Reusing existing page for supplier: patriot
[2024-10-15 17:47:24] [info]: Reusing existing page for supplier: ug
