[2024-10-15 14:34:26] [info]: Opening page for supplier: ug, URL: https://ugautopart.ru/
[2024-10-15 14:41:37] [info]: Opening page for supplier: ug, URL: https://ugautopart.ru/
[2024-10-15 14:42:05] [info]: Reusing existing page for supplier: ug
[2024-10-15 14:42:11] [info]: Opening page for supplier: turboCars, URL: https://turbo-cars.net/office/
[2024-10-15 14:42:18] [info]: Opening page for supplier: patriot, URL: https://optautotorg.com/
[2024-10-15 14:42:43] [info]: Reusing existing page for supplier: ug
[2024-10-15 14:42:43] [info]: Reusing existing page for supplier: ug
[2024-10-15 14:42:45] [info]: Reusing existing page for supplier: ug
[2024-10-15 14:42:45] [info]: Reusing existing page for supplier: turboCars
[2024-10-15 14:42:45] [info]: Reusing existing page for supplier: patriot
[2024-10-15 14:42:46] [info]: Reusing existing page for supplier: ug
[2024-10-15 14:43:39] [error]: Page crashed: Error: Page crashed!
[2024-10-15 14:43:43] [info]: Opening page for supplier: ug, URL: https://ugautopart.ru/
[2024-10-15 14:44:21] [info]: Reusing existing page for supplier: ug
[2024-10-15 14:44:25] [info]: Opening page for supplier: turboCars, URL: https://turbo-cars.net/office/
[2024-10-15 14:44:33] [info]: Opening page for supplier: patriot, URL: https://optautotorg.com/
[2024-10-15 14:44:42] [info]: Reusing existing page for supplier: ug
[2024-10-15 14:44:43] [info]: Reusing existing page for supplier: ug
[2024-10-15 14:44:45] [info]: Reusing existing page for supplier: ug
[2024-10-15 14:44:45] [info]: Reusing existing page for supplier: turboCars
[2024-10-15 14:44:45] [info]: Reusing existing page for supplier: patriot
[2024-10-15 14:44:45] [info]: Reusing existing page for supplier: ug
[2024-10-15 14:51:29] [info]: Opening page for supplier: ug, URL: https://ugautopart.ru/
[2024-10-15 14:52:15] [info]: Opening page for supplier: ug, URL: https://ugautopart.ru/
[2024-10-15 14:52:25] [info]: Opening page for supplier: ug, URL: https://ugautopart.ru/
[2024-10-15 15:43:50] [info]: Opening page for supplier: ug, URL: https://ugautopart.ru/
[2024-10-15 15:45:24] [info]: Opening page for supplier: ug, URL: https://ugautopart.ru/
[2024-10-15 15:55:00] [info]: Opening page for supplier: ug, URL: https://ugautopart.ru/
[2024-10-15 15:55:08] [info]: [36m[3mServer is running. Use port: 3000[23m[39m
