[2024-10-16 15:24:15] [info]: ug Выполнение действия: init
[2024-10-16 15:24:15] [info]: Launching new browser for supplier: ug
[2024-10-16 15:24:16] [info]: Opening page for supplier: ug, URL: https://ugautopart.ru/
[2024-10-16 15:24:22] [info]: Server is running. Use port: 3000
[2024-10-16 15:24:22] [info]: New client connected: xQt7l9CPvOUKcTmUAAAB
[2024-10-16 15:24:32] [info]: Launching new browser for supplier: turboCars
[2024-10-16 15:24:33] [info]: Opening page for supplier: turboCars, URL: https://turbo-cars.net/office/
[2024-10-16 15:24:34] [info]: turboCars Выполнение действия: login
[2024-10-16 15:24:36] [info]: turboCars Залогинен?: true
[2024-10-16 15:24:41] [info]: Reusing existing page for supplier: turboCars
[2024-10-16 15:24:41] [info]: turboCars Выполнение действия: login
[2024-10-16 15:24:46] [info]: Client disconnected: xQt7l9CPvOUKcTmUAAAB
[2024-10-16 15:24:47] [info]: New client connected: -l7xqbWM8UEXQET7AAAD
[2024-10-16 15:24:53] [info]: Reusing existing page for supplier: turboCars
[2024-10-16 15:24:53] [info]: turboCars Выполнение действия: login
[2024-10-16 15:24:58] [info]: Launching new browser for supplier: patriot
[2024-10-16 15:24:59] [info]: Opening page for supplier: patriot, URL: https://optautotorg.com/
[2024-10-16 15:25:02] [info]: patriot Выполнение действия: login
[2024-10-16 15:25:02] [info]: patriot Залогинен?: true
[2024-10-16 15:25:05] [info]: ug Выполнение действия: login
[2024-10-16 15:25:05] [info]: Reusing existing page for supplier: ug
[2024-10-16 15:25:06] [info]: ug Залогинен?: true
[2024-10-16 15:25:09] [info]: Client disconnected: -l7xqbWM8UEXQET7AAAD
[2024-10-16 15:25:09] [info]: New client connected: ApGQgjWxtXIfESmDAAAF
[2024-10-16 15:25:12] [info]: ug Выполнение действия: login
[2024-10-16 15:25:12] [info]: Reusing existing page for supplier: ug
[2024-10-16 15:25:14] [info]: Reusing existing page for supplier: turboCars
[2024-10-16 15:25:14] [info]: turboCars Выполнение действия: login
[2024-10-16 15:25:16] [info]: Reusing existing page for supplier: patriot
[2024-10-16 15:25:16] [info]: patriot Выполнение действия: login
